TN:
SF:src/App.css
FNF:0
FNH:0
LF:0
LH:0
BRF:0
BRH:0
end_of_record
TN:
SF:src/App.jsx
FN:5,App
FN:23,(anonymous_1)
FN:32,(anonymous_2)
FN:33,(anonymous_3)
FN:56,(anonymous_4)
FN:60,(anonymous_5)
FN:61,(anonymous_6)
FN:67,(anonymous_7)
FN:91,(anonymous_8)
FN:117,(anonymous_9)
FN:134,(anonymous_10)
FN:164,(anonymous_11)
FN:173,(anonymous_12)
FN:179,(anonymous_13)
FN:183,(anonymous_14)
FN:223,(anonymous_15)
FN:262,(anonymous_16)
FN:318,(anonymous_17)
FN:322,(anonymous_18)
FNF:19
FNH:5
FNDA:3,App
FNDA:3,(anonymous_1)
FNDA:3,(anonymous_2)
FNDA:3,(anonymous_3)
FNDA:3,(anonymous_4)
FNDA:0,(anonymous_5)
FNDA:0,(anonymous_6)
FNDA:0,(anonymous_7)
FNDA:0,(anonymous_8)
FNDA:0,(anonymous_9)
FNDA:0,(anonymous_10)
FNDA:0,(anonymous_11)
FNDA:0,(anonymous_12)
FNDA:0,(anonymous_13)
FNDA:0,(anonymous_14)
FNDA:0,(anonymous_15)
FNDA:0,(anonymous_16)
FNDA:0,(anonymous_17)
FNDA:0,(anonymous_18)
DA:6,3
DA:7,3
DA:8,3
DA:9,3
DA:10,3
DA:11,3
DA:12,3
DA:13,3
DA:16,3
DA:23,3
DA:24,3
DA:25,3
DA:27,0
DA:32,3
DA:33,3
DA:34,3
DA:36,3
DA:37,3
DA:38,3
DA:41,3
DA:42,3
DA:43,3
DA:46,3
DA:47,3
DA:48,3
DA:51,3
DA:54,3
DA:55,3
DA:56,3
DA:60,3
DA:61,0
DA:62,0
DA:63,0
DA:67,3
DA:68,0
DA:69,0
DA:70,0
DA:71,0
DA:72,0
DA:73,0
DA:75,0
DA:76,0
DA:77,0
DA:80,0
DA:81,0
DA:82,0
DA:90,0
DA:91,0
DA:92,0
DA:93,0
DA:95,0
DA:98,0
DA:99,0
DA:105,0
DA:106,0
DA:108,0
DA:110,0
DA:112,0
DA:117,3
DA:118,0
DA:119,0
DA:120,0
DA:121,0
DA:123,0
DA:124,0
DA:129,0
DA:134,3
DA:135,0
DA:136,0
DA:137,0
DA:140,0
DA:141,0
DA:142,0
DA:145,0
DA:146,0
DA:147,0
DA:148,0
DA:149,0
DA:150,0
DA:152,0
DA:154,0
DA:155,0
DA:156,0
DA:157,0
DA:159,0
DA:164,3
DA:165,0
DA:166,0
DA:167,0
DA:168,0
DA:169,0
DA:173,3
DA:174,0
DA:175,0
DA:179,3
DA:180,0
DA:181,0
DA:182,0
DA:183,0
DA:187,3
DA:223,0
DA:262,0
DA:319,0
DA:322,0
LF:104
LH:36
BRDA:25,0,0,3
BRDA:25,0,1,3
BRDA:38,1,0,0
BRDA:38,1,1,3
BRDA:43,2,0,0
BRDA:43,2,1,3
BRDA:48,3,0,0
BRDA:48,3,1,3
BRDA:75,4,0,0
BRDA:75,4,1,0
BRDA:90,5,0,0
BRDA:90,5,1,0
BRDA:92,6,0,0
BRDA:92,6,1,0
BRDA:95,7,0,0
BRDA:95,7,1,0
BRDA:120,8,0,0
BRDA:120,8,1,0
BRDA:135,9,0,0
BRDA:135,9,1,0
BRDA:140,10,0,0
BRDA:140,10,1,0
BRDA:148,11,0,0
BRDA:148,11,1,0
BRDA:149,12,0,0
BRDA:149,12,1,0
BRDA:180,13,0,0
BRDA:180,13,1,0
BRDA:211,14,0,3
BRDA:211,14,1,0
BRDA:227,15,0,0
BRDA:227,15,1,3
BRDA:236,16,0,3
BRDA:236,16,1,0
BRDA:260,17,0,0
BRDA:260,17,1,0
BRDA:268,18,0,0
BRDA:268,18,1,0
BRDA:268,18,2,0
BRDA:270,19,0,0
BRDA:270,19,1,0
BRDA:272,20,0,0
BRDA:272,20,1,0
BRDA:283,21,0,0
BRDA:283,21,1,0
BRDA:292,22,0,0
BRDA:292,22,1,0
BRDA:308,23,0,3
BRDA:308,23,1,0
BRDA:313,24,0,3
BRDA:313,24,1,0
BRDA:321,25,0,0
BRDA:321,25,1,0
BRF:53
BRH:10
end_of_record
TN:
SF:src/config.js
FNF:0
FNH:0
DA:1,1
DA:2,1
DA:3,1
DA:5,1
DA:6,0
LF:5
LH:4
BRDA:5,0,0,0
BRDA:5,0,1,1
BRDA:5,1,0,1
BRDA:5,1,1,1
BRDA:5,1,2,1
BRF:5
BRH:4
end_of_record
