TN:
SF:src/App.css
FNF:0
FNH:0
LF:0
LH:0
BRF:0
BRH:0
end_of_record
TN:
SF:src/App.jsx
FN:5,App
FN:23,(anonymous_1)
FN:32,(anonymous_2)
FN:34,(anonymous_3)
FN:65,(anonymous_4)
FN:72,(anonymous_5)
FN:73,(anonymous_6)
FN:81,(anonymous_7)
FN:82,(anonymous_8)
FN:88,(anonymous_9)
FN:112,(anonymous_10)
FN:138,(anonymous_11)
FN:155,(anonymous_12)
FN:185,(anonymous_13)
FN:194,(anonymous_14)
FN:200,(anonymous_15)
FN:204,(anonymous_16)
FN:247,(anonymous_17)
FN:286,(anonymous_18)
FN:342,(anonymous_19)
FN:346,(anonymous_20)
FNF:21
FNH:19
FNDA:53,App
FNDA:13,(anonymous_1)
FNDA:13,(anonymous_2)
FNDA:13,(anonymous_3)
FNDA:13,(anonymous_4)
FNDA:14,(anonymous_5)
FNDA:14,(anonymous_6)
FNDA:6,(anonymous_7)
FNDA:0,(anonymous_8)
FNDA:9,(anonymous_9)
FNDA:0,(anonymous_10)
FNDA:8,(anonymous_11)
FNDA:5,(anonymous_12)
FNDA:1,(anonymous_13)
FNDA:1,(anonymous_14)
FNDA:1,(anonymous_15)
FNDA:1,(anonymous_16)
FNDA:8,(anonymous_17)
FNDA:1,(anonymous_18)
FNDA:23,(anonymous_19)
FNDA:1,(anonymous_20)
DA:6,53
DA:7,53
DA:8,53
DA:9,53
DA:10,53
DA:11,53
DA:12,53
DA:13,53
DA:16,53
DA:23,53
DA:24,13
DA:25,13
DA:27,1
DA:32,53
DA:33,13
DA:34,13
DA:35,13
DA:37,13
DA:38,13
DA:39,12
DA:44,13
DA:45,13
DA:46,12
DA:51,13
DA:52,13
DA:53,12
DA:58,13
DA:59,13
DA:63,13
DA:64,13
DA:65,13
DA:66,13
DA:67,13
DA:72,53
DA:73,14
DA:74,14
DA:75,1
DA:81,53
DA:82,6
DA:83,6
DA:84,6
DA:88,53
DA:89,9
DA:90,9
DA:91,9
DA:92,9
DA:93,9
DA:94,9
DA:96,9
DA:97,1
DA:98,1
DA:101,8
DA:102,8
DA:103,8
DA:111,8
DA:112,2
DA:113,2
DA:114,1
DA:116,1
DA:119,6
DA:120,6
DA:126,6
DA:127,6
DA:129,6
DA:131,2
DA:133,8
DA:138,53
DA:139,8
DA:140,8
DA:141,8
DA:142,1
DA:144,7
DA:145,7
DA:150,1
DA:155,53
DA:156,5
DA:157,1
DA:158,1
DA:161,4
DA:162,1
DA:163,1
DA:166,3
DA:167,3
DA:168,3
DA:169,3
DA:170,2
DA:171,1
DA:173,1
DA:175,1
DA:176,1
DA:177,1
DA:178,1
DA:180,2
DA:185,53
DA:186,1
DA:187,1
DA:188,1
DA:189,1
DA:190,1
DA:194,53
DA:195,1
DA:196,1
DA:200,53
DA:201,1
DA:202,1
DA:203,1
DA:204,1
DA:208,53
DA:247,8
DA:286,1
DA:343,23
DA:346,1
LF:112
LH:112
BRDA:25,0,0,13
BRDA:25,0,1,11
BRDA:39,1,0,12
BRDA:39,1,1,0
BRDA:39,2,0,12
BRDA:39,2,1,12
BRDA:46,3,0,12
BRDA:46,3,1,0
BRDA:46,4,0,12
BRDA:46,4,1,12
BRDA:53,5,0,12
BRDA:53,5,1,0
BRDA:53,6,0,12
BRDA:53,6,1,12
BRDA:58,7,0,13
BRDA:58,7,1,0
BRDA:74,8,0,1
BRDA:74,8,1,13
BRDA:96,9,0,1
BRDA:96,9,1,8
BRDA:111,10,0,2
BRDA:111,10,1,6
BRDA:113,11,0,1
BRDA:113,11,1,1
BRDA:116,12,0,1
BRDA:116,12,1,0
BRDA:141,13,0,1
BRDA:141,13,1,7
BRDA:156,14,0,1
BRDA:156,14,1,4
BRDA:161,15,0,1
BRDA:161,15,1,3
BRDA:169,16,0,2
BRDA:169,16,1,1
BRDA:170,17,0,1
BRDA:170,17,1,1
BRDA:201,18,0,1
BRDA:201,18,1,0
BRDA:235,19,0,53
BRDA:235,19,1,7
BRDA:251,20,0,8
BRDA:251,20,1,45
BRDA:260,21,0,33
BRDA:260,21,1,20
BRDA:280,22,0,1
BRDA:280,22,1,19
BRDA:281,23,0,1
BRDA:281,23,1,19
BRDA:284,24,0,2
BRDA:284,24,1,18
BRDA:292,25,0,20
BRDA:292,25,1,18
BRDA:292,25,2,18
BRDA:294,26,0,18
BRDA:294,26,1,2
BRDA:296,27,0,2
BRDA:296,27,1,0
BRDA:307,28,0,18
BRDA:307,28,1,18
BRDA:316,29,0,3
BRDA:316,29,1,15
BRDA:332,30,0,53
BRDA:332,30,1,20
BRDA:337,31,0,33
BRDA:337,31,1,20
BRDA:345,32,0,19
BRDA:345,32,1,4
BRF:67
BRH:60
end_of_record
TN:
SF:src/config.js
FNF:0
FNH:0
DA:1,1
DA:2,1
DA:3,1
DA:5,1
DA:6,0
LF:5
LH:4
BRDA:5,0,0,0
BRDA:5,0,1,1
BRDA:5,1,0,1
BRDA:5,1,1,1
BRDA:5,1,2,1
BRF:5
BRH:4
end_of_record
